<?xml version="1.0" encoding="UTF-8"?>
<testsuite xmlns:xsi="http://www.w3.org/2001/XMLSchema-instance" xsi:noNamespaceSchemaLocation="https://maven.apache.org/surefire/maven-surefire-plugin/xsd/surefire-test-report-3.0.xsd" version="3.0" name="com.sorting_app.tests.TestSortingTest" time="0.032" tests="1" errors="0" skipped="0" failures="0">
  <properties>
    <property name="awt.toolkit" value="sun.awt.X11.XToolkit"/>
    <property name="file.encoding.pkg" value="sun.io"/>
    <property name="java.specification.version" value="1.8"/>
    <property name="sun.cpu.isalist" value=""/>
    <property name="sun.jnu.encoding" value="UTF-8"/>
    <property name="java.class.path" value="/home/williamdavidsuarezarevalo/Programacion/java/epam/curso/Sorting_App_Project_epamcourse/target/test-classes:/home/williamdavidsuarezarevalo/Programacion/java/epam/curso/Sorting_App_Project_epamcourse/target/classes:/home/williamdavidsuarezarevalo/.m2/repository/junit/junit/4.12/junit-4.12.jar:/home/williamdavidsuarezarevalo/.m2/repository/org/hamcrest/hamcrest-core/1.3/hamcrest-core-1.3.jar:/home/williamdavidsuarezarevalo/.m2/repository/commons-io/commons-io/2.10.0/commons-io-2.10.0.jar:"/>
    <property name="java.vm.vendor" value="Temurin"/>
    <property name="sun.arch.data.model" value="64"/>
    <property name="java.vendor.url" value="https://adoptium.net/"/>
    <property name="user.timezone" value=""/>
    <property name="java.vm.specification.version" value="1.8"/>
    <property name="os.name" value="Linux"/>
    <property name="user.country" value="CO"/>
    <property name="sun.java.launcher" value="SUN_STANDARD"/>
    <property name="sun.boot.library.path" value="/home/williamdavidsuarezarevalo/software/java/jdk8u392-b08/jre/lib/amd64"/>
    <property name="sun.java.command" value="/home/williamdavidsuarezarevalo/Programacion/java/epam/curso/Sorting_App_Project_epamcourse/target/surefire/surefirebooter-20240406210137841_3.jar /home/williamdavidsuarezarevalo/Programacion/java/epam/curso/Sorting_App_Project_epamcourse/target/surefire 2024-04-06T21-01-37_766-jvmRun1 surefire-20240406210137841_1tmp surefire_0-20240406210137841_2tmp"/>
    <property name="surefire.test.class.path" value="/home/williamdavidsuarezarevalo/Programacion/java/epam/curso/Sorting_App_Project_epamcourse/target/test-classes:/home/williamdavidsuarezarevalo/Programacion/java/epam/curso/Sorting_App_Project_epamcourse/target/classes:/home/williamdavidsuarezarevalo/.m2/repository/junit/junit/4.12/junit-4.12.jar:/home/williamdavidsuarezarevalo/.m2/repository/org/hamcrest/hamcrest-core/1.3/hamcrest-core-1.3.jar:/home/williamdavidsuarezarevalo/.m2/repository/commons-io/commons-io/2.10.0/commons-io-2.10.0.jar:"/>
    <property name="sun.cpu.endian" value="little"/>
    <property name="user.home" value="/home/williamdavidsuarezarevalo"/>
    <property name="user.language" value="es"/>
    <property name="java.specification.vendor" value="Oracle Corporation"/>
    <property name="java.home" value="/home/williamdavidsuarezarevalo/software/java/jdk8u392-b08/jre"/>
    <property name="basedir" value="/home/williamdavidsuarezarevalo/Programacion/java/epam/curso/Sorting_App_Project_epamcourse"/>
    <property name="file.separator" value="/"/>
    <property name="line.separator" value="&#10;"/>
    <property name="java.vm.specification.vendor" value="Oracle Corporation"/>
    <property name="java.specification.name" value="Java Platform API Specification"/>
    <property name="java.awt.graphicsenv" value="sun.awt.X11GraphicsEnvironment"/>
    <property name="surefire.real.class.path" value="/home/williamdavidsuarezarevalo/Programacion/java/epam/curso/Sorting_App_Project_epamcourse/target/surefire/surefirebooter-20240406210137841_3.jar"/>
    <property name="sun.boot.class.path" value="/home/williamdavidsuarezarevalo/software/java/jdk8u392-b08/jre/lib/resources.jar:/home/williamdavidsuarezarevalo/software/java/jdk8u392-b08/jre/lib/rt.jar:/home/williamdavidsuarezarevalo/software/java/jdk8u392-b08/jre/lib/sunrsasign.jar:/home/williamdavidsuarezarevalo/software/java/jdk8u392-b08/jre/lib/jsse.jar:/home/williamdavidsuarezarevalo/software/java/jdk8u392-b08/jre/lib/jce.jar:/home/williamdavidsuarezarevalo/software/java/jdk8u392-b08/jre/lib/charsets.jar:/home/williamdavidsuarezarevalo/software/java/jdk8u392-b08/jre/lib/jfr.jar:/home/williamdavidsuarezarevalo/software/java/jdk8u392-b08/jre/classes"/>
    <property name="sun.management.compiler" value="HotSpot 64-Bit Tiered Compilers"/>
    <property name="java.runtime.version" value="1.8.0_392-b08"/>
    <property name="user.name" value="williamdavidsuarezarevalo"/>
    <property name="path.separator" value=":"/>
    <property name="os.version" value="6.7.11-200.fc39.x86_64"/>
    <property name="java.endorsed.dirs" value="/home/williamdavidsuarezarevalo/software/java/jdk8u392-b08/jre/lib/endorsed"/>
    <property name="java.runtime.name" value="OpenJDK Runtime Environment"/>
    <property name="file.encoding" value="UTF-8"/>
    <property name="java.vm.name" value="OpenJDK 64-Bit Server VM"/>
    <property name="localRepository" value="/home/williamdavidsuarezarevalo/.m2/repository"/>
    <property name="java.vendor.url.bug" value="https://github.com/adoptium/adoptium-support/issues"/>
    <property name="java.io.tmpdir" value="/tmp"/>
    <property name="idea.version" value="2024.1"/>
    <property name="java.version" value="1.8.0_392"/>
    <property name="user.dir" value="/home/williamdavidsuarezarevalo/Programacion/java/epam/curso/Sorting_App_Project_epamcourse"/>
    <property name="os.arch" value="amd64"/>
    <property name="java.vm.specification.name" value="Java Virtual Machine Specification"/>
    <property name="java.awt.printerjob" value="sun.print.PSPrinterJob"/>
    <property name="sun.os.patch.level" value="unknown"/>
    <property name="java.library.path" value="/usr/java/packages/lib/amd64:/usr/lib64:/lib64:/lib:/usr/lib"/>
    <property name="java.vm.info" value="mixed mode"/>
    <property name="java.vendor" value="Temurin"/>
    <property name="java.vm.version" value="25.392-b08"/>
    <property name="java.specification.maintenance.version" value="5"/>
    <property name="java.ext.dirs" value="/home/williamdavidsuarezarevalo/software/java/jdk8u392-b08/jre/lib/ext:/usr/java/packages/lib/ext"/>
    <property name="sun.io.unicode.encoding" value="UnicodeLittle"/>
    <property name="java.class.version" value="52.0"/>
  </properties>
  <testcase name="testOrganizar" classname="com.sorting_app.tests.TestSortingTest" time="0.005">
    <system-out><![CDATA[1
2
3
4
5
6
7
8
9
10
]]></system-out>
  </testcase>
</testsuite>